<?xml version="1.0" encoding="UTF-8"?>
<!-- Generated by org.testng.reporters.JUnitReportReporter -->
<testsuite hostname="LAPTOP-FS5UPGRD" failures="0" tests="1" name="TestCases.Invalidcredentialsclass" time="1.854" errors="0" timestamp="2024-09-05T11:13:09 IST" skipped="0">
  <testcase classname="TestCases.Invalidcredentialsclass" name="invaluddata" time="1.854"/>
  <system-out/>
</testsuite> <!-- TestCases.Invalidcredentialsclass -->
