<?xml version="1.0" encoding="UTF-8"?>
<!-- Generated by org.testng.reporters.JUnitReportReporter -->
<testsuite hostname="Sanjaypc" failures="0" tests="1" name="TestCases.LoginClass" time="11.017" errors="0" timestamp="2024-11-08T19:11:40 IST" skipped="0">
  <testcase classname="TestCases.LoginClass" name="login" time="11.017"/>
  <system-out/>
</testsuite> <!-- TestCases.LoginClass -->
