<?xml version="1.0" encoding="UTF-8"?>
<!-- Generated by org.testng.reporters.JUnitReportReporter -->
<testsuite hostname="Sanjaypc" failures="0" tests="1" name="TestCases.LoginClass" time="17.024" errors="0" timestamp="2024-11-09T19:11:39 IST" skipped="0">
  <testcase classname="TestCases.LoginClass" name="login" time="17.024"/>
  <system-out/>
</testsuite> <!-- TestCases.LoginClass -->
